# JRE version: Java(TM) SE Runtime Environment (8.0_261-b12) (build 1.8.0_261-b12)
# Java VM: Java HotSpot(TM) 64-Bit Server VM (25.261-b12 mixed mode windows-amd64 compressed oops)
Heap:
 PSYoungGen      total 388096K, used 113152K [0x000000076ad80000, 0x0000000784880000, 0x00000007c0000000)
  eden space 372736K, 28% used [0x000000076ad80000,0x00000007715be868,0x0000000781980000)
  from space 15360K, 41% used [0x0000000782880000,0x0000000782ec1a70,0x0000000783780000)
  to   space 15360K, 0% used [0x0000000781980000,0x0000000781980000,0x0000000782880000)
 ParOldGen       total 216064K, used 26303K [0x00000006c0800000, 0x00000006cdb00000, 0x000000076ad80000)
  object space 216064K, 12% used [0x00000006c0800000,0x00000006c21affd0,0x00000006cdb00000)
 Metaspace       used 62046K, capacity 65595K, committed 65752K, reserved 1105920K
  class space    used 8584K, capacity 9146K, committed 9216K, reserved 1048576K
GC Heap History (10 events):
Event: 5.335 GC heap before
{Heap before GC invocations=9 (full 2):
 PSYoungGen      total 219136K, used 9722K [0x000000076ad80000, 0x0000000780600000, 0x00000007c0000000)
  eden space 209408K, 0% used [0x000000076ad80000,0x000000076ad80000,0x0000000777a00000)
  from space 9728K, 99% used [0x0000000777a00000,0x000000077837e9f0,0x0000000778380000)
  to   space 11264K, 0% used [0x000000077fb00000,0x000000077fb00000,0x0000000780600000)
 ParOldGen       total 95232K, used 9065K [0x00000006c0800000, 0x00000006c6500000, 0x000000076ad80000)
  object space 95232K, 9% used [0x00000006c0800000,0x00000006c10da758,0x00000006c6500000)
 Metaspace       used 33576K, capacity 35350K, committed 35416K, reserved 1079296K
  class space    used 4400K, capacity 4727K, committed 4736K, reserved 1048576K
Event: 5.401 GC heap after
Heap after GC invocations=9 (full 2):
 PSYoungGen      total 219136K, used 0K [0x000000076ad80000, 0x0000000780600000, 0x00000007c0000000)
  eden space 209408K, 0% used [0x000000076ad80000,0x000000076ad80000,0x0000000777a00000)
  from space 9728K, 0% used [0x0000000777a00000,0x0000000777a00000,0x0000000778380000)
  to   space 11264K, 0% used [0x000000077fb00000,0x000000077fb00000,0x0000000780600000)
 ParOldGen       total 151040K, used 14876K [0x00000006c0800000, 0x00000006c9b80000, 0x000000076ad80000)
  object space 151040K, 9% used [0x00000006c0800000,0x00000006c1687208,0x00000006c9b80000)
 Metaspace       used 33576K, capacity 35350K, committed 35416K, reserved 1079296K
  class space    used 4400K, capacity 4727K, committed 4736K, reserved 1048576K
}
Event: 7.025 GC heap before
{Heap before GC invocations=10 (full 2):
 PSYoungGen      total 219136K, used 209408K [0x000000076ad80000, 0x0000000780600000, 0x00000007c0000000)
  eden space 209408K, 100% used [0x000000076ad80000,0x0000000777a00000,0x0000000777a00000)
  from space 9728K, 0% used [0x0000000777a00000,0x0000000777a00000,0x0000000778380000)
  to   space 11264K, 0% used [0x000000077fb00000,0x000000077fb00000,0x0000000780600000)
 ParOldGen       total 151040K, used 14876K [0x00000006c0800000, 0x00000006c9b80000, 0x000000076ad80000)
  object space 151040K, 9% used [0x00000006c0800000,0x00000006c1687208,0x00000006c9b80000)
 Metaspace       used 45978K, capacity 47890K, committed 48344K, reserved 1091584K
  class space    used 6210K, capacity 6577K, committed 6656K, reserved 1048576K
Event: 7.035 GC heap after
Heap after GC invocations=10 (full 2):
 PSYoungGen      total 311296K, used 11246K [0x000000076ad80000, 0x0000000780600000, 0x00000007c0000000)
  eden space 300032K, 0% used [0x000000076ad80000,0x000000076ad80000,0x000000077d280000)
  from space 11264K, 99% used [0x000000077fb00000,0x00000007805fb868,0x0000000780600000)
  to   space 13312K, 0% used [0x000000077ec00000,0x000000077ec00000,0x000000077f900000)
 ParOldGen       total 151040K, used 16387K [0x00000006c0800000, 0x00000006c9b80000, 0x000000076ad80000)
  object space 151040K, 10% used [0x00000006c0800000,0x00000006c1800ca0,0x00000006c9b80000)
 Metaspace       used 45978K, capacity 47890K, committed 48344K, reserved 1091584K
  class space    used 6210K, capacity 6577K, committed 6656K, reserved 1048576K
}
Event: 8.664 GC heap before
{Heap before GC invocations=11 (full 2):
 PSYoungGen      total 311296K, used 238152K [0x000000076ad80000, 0x0000000780600000, 0x00000007c0000000)
  eden space 300032K, 75% used [0x000000076ad80000,0x0000000778b16838,0x000000077d280000)
  from space 11264K, 99% used [0x000000077fb00000,0x00000007805fb868,0x0000000780600000)
  to   space 13312K, 0% used [0x000000077ec00000,0x000000077ec00000,0x000000077f900000)
 ParOldGen       total 151040K, used 16387K [0x00000006c0800000, 0x00000006c9b80000, 0x000000076ad80000)
  object space 151040K, 10% used [0x00000006c0800000,0x00000006c1800ca0,0x00000006c9b80000)
 Metaspace       used 55844K, capacity 58873K, committed 59028K, reserved 1099776K
  class space    used 7690K, capacity 8192K, committed 8192K, reserved 1048576K
Event: 8.675 GC heap after
Heap after GC invocations=11 (full 2):
 PSYoungGen      total 339456K, used 13298K [0x000000076ad80000, 0x0000000783780000, 0x00000007c0000000)
  eden space 326144K, 0% used [0x000000076ad80000,0x000000076ad80000,0x000000077ec00000)
  from space 13312K, 99% used [0x000000077ec00000,0x000000077f8fc980,0x000000077f900000)
  to   space 15360K, 0% used [0x0000000782880000,0x0000000782880000,0x0000000783780000)
 ParOldGen       total 151040K, used 18723K [0x00000006c0800000, 0x00000006c9b80000, 0x000000076ad80000)
  object space 151040K, 12% used [0x00000006c0800000,0x00000006c1a48d38,0x00000006c9b80000)
 Metaspace       used 55844K, capacity 58873K, committed 59028K, reserved 1099776K
  class space    used 7690K, capacity 8192K, committed 8192K, reserved 1048576K
}
Event: 8.675 GC heap before
{Heap before GC invocations=12 (full 3):
 PSYoungGen      total 339456K, used 13298K [0x000000076ad80000, 0x0000000783780000, 0x00000007c0000000)
  eden space 326144K, 0% used [0x000000076ad80000,0x000000076ad80000,0x000000077ec00000)
  from space 13312K, 99% used [0x000000077ec00000,0x000000077f8fc980,0x000000077f900000)
  to   space 15360K, 0% used [0x0000000782880000,0x0000000782880000,0x0000000783780000)
 ParOldGen       total 151040K, used 18723K [0x00000006c0800000, 0x00000006c9b80000, 0x000000076ad80000)
  object space 151040K, 12% used [0x00000006c0800000,0x00000006c1a48d38,0x00000006c9b80000)
 Metaspace       used 55844K, capacity 58873K, committed 59028K, reserved 1099776K
  class space    used 7690K, capacity 8192K, committed 8192K, reserved 1048576K
Event: 8.780 GC heap after
Heap after GC invocations=12 (full 3):
 PSYoungGen      total 339456K, used 0K [0x000000076ad80000, 0x0000000783780000, 0x00000007c0000000)
  eden space 326144K, 0% used [0x000000076ad80000,0x000000076ad80000,0x000000077ec00000)
  from space 13312K, 0% used [0x000000077ec00000,0x000000077ec00000,0x000000077f900000)
  to   space 15360K, 0% used [0x0000000782880000,0x0000000782880000,0x0000000783780000)
 ParOldGen       total 216064K, used 26303K [0x00000006c0800000, 0x00000006cdb00000, 0x000000076ad80000)
  object space 216064K, 12% used [0x00000006c0800000,0x00000006c21affd0,0x00000006cdb00000)
 Metaspace       used 55844K, capacity 58873K, committed 59028K, reserved 1099776K
  class space    used 7690K, capacity 8192K, committed 8192K, reserved 1048576K
}
Event: 10.122 GC heap before
{Heap before GC invocations=13 (full 3):
 PSYoungGen      total 339456K, used 326144K [0x000000076ad80000, 0x0000000783780000, 0x00000007c0000000)
  eden space 326144K, 100% used [0x000000076ad80000,0x000000077ec00000,0x000000077ec00000)
  from space 13312K, 0% used [0x000000077ec00000,0x000000077ec00000,0x000000077f900000)
  to   space 15360K, 0% used [0x0000000782880000,0x0000000782880000,0x0000000783780000)
 ParOldGen       total 216064K, used 26303K [0x00000006c0800000, 0x00000006cdb00000, 0x000000076ad80000)
  object space 216064K, 12% used [0x00000006c0800000,0x00000006c21affd0,0x00000006cdb00000)
 Metaspace       used 58758K, capacity 62011K, committed 62168K, reserved 1103872K
  class space    used 8099K, capacity 8656K, committed 8704K, reserved 1048576K
Event: 10.133 GC heap after
Heap after GC invocations=13 (full 3):
 PSYoungGen      total 388096K, used 6406K [0x000000076ad80000, 0x0000000784880000, 0x00000007c0000000)
  eden space 372736K, 0% used [0x000000076ad80000,0x000000076ad80000,0x0000000781980000)
  from space 15360K, 41% used [0x0000000782880000,0x0000000782ec1a70,0x0000000783780000)
  to   space 15360K, 0% used [0x0000000781980000,0x0000000781980000,0x0000000782880000)
 ParOldGen       total 216064K, used 26303K [0x00000006c0800000, 0x00000006cdb00000, 0x000000076ad80000)
  object space 216064K, 12% used [0x00000006c0800000,0x00000006c21affd0,0x00000006cdb00000)
 Metaspace       used 58758K, capacity 62011K, committed 62168K, reserved 1103872K
  class space    used 8099K, capacity 8656K, committed 8704K, reserved 1048576K
}

